[2025-06-07T22:49:32.156Z] 开始第四层和第五层数据同步...
[2025-06-07T22:49:32.163Z] 开始同步调布花火第四层和第五层数据...
[2025-06-07T22:49:32.164Z] 提取的第五层数据: {
  "name": "第40回调布花火",
  "date": "2025年9月20日(土)",
  "fireworksCount": "约1万发",
  "expectedVisitors": "30万人",
  "location": "调布市多摩川布田地区"
}
[2025-06-07T22:49:32.165Z] 数据已同步，无需更新
[2025-06-07T22:49:32.165Z] 数据同步完成
[2025-06-07T22:49:32.166Z] 验证同步结果...
[2025-06-07T22:49:32.166Z] === 同步验证结果 ===
[2025-06-07T22:49:32.167Z] 标题同步: 第40回调布花火 ✓
[2025-06-07T22:49:32.167Z] 日期同步: 9月20日 ✓
[2025-06-07T22:49:32.168Z] 花火数: 约1万发 ✓
[2025-06-07T22:49:32.168Z] 访客数: 30万人 ✓
[2025-06-07T22:49:32.169Z] 红心数: 0 (保持独立) ✓
[2025-06-07T22:49:32.169Z] ===================
[2025-06-07T22:49:49.015Z] 开始第四层和第五层数据同步...
[2025-06-07T22:49:49.021Z] 开始同步调布花火第四层和第五层数据...
[2025-06-07T22:49:49.021Z] 提取的第五层数据: {
  "name": "第40回调布花火",
  "date": "2025年9月20日(土)",
  "fireworksCount": "约12000发",
  "expectedVisitors": "35万人",
  "location": "调布市多摩川布田地区"
}
[2025-06-07T22:49:49.022Z] 检测到数据差异，开始同步...
[2025-06-07T22:49:49.024Z] 已备份第四层数据到: C:\Users\GAKU\Desktop\hanabi-guide\src\data\level4-september-tokyo-hanabi.ts.backup.1749336589022
[2025-06-07T22:49:49.025Z] 第四层数据同步完成
[2025-06-07T22:49:49.025Z] 注意：红心数保持不变，继续使用点击+1逻辑
[2025-06-07T22:49:49.026Z] 数据同步完成
[2025-06-07T22:49:49.026Z] 验证同步结果...
[2025-06-07T22:49:49.027Z] === 同步验证结果 ===
[2025-06-07T22:49:49.027Z] 标题同步: 第40回调布花火 ✓
[2025-06-07T22:49:49.028Z] 日期同步: 9月20日 ✓
[2025-06-07T22:49:49.028Z] 花火数: 约12000发 ✓
[2025-06-07T22:49:49.028Z] 访客数: 35万人 ✓
[2025-06-07T22:49:49.029Z] 红心数: 0 (保持独立) ✓
[2025-06-07T22:49:49.029Z] ===================
[2025-06-07T22:55:17.711Z] 验证同步结果...
[2025-06-07T22:55:17.717Z] === 同步验证结果 ===
[2025-06-07T22:55:17.717Z] 标题同步: 第40回调布花火 ✓
[2025-06-07T22:55:17.717Z] 日期同步: 9月20日 ✓
[2025-06-07T22:55:17.718Z] 花火数: 约12000发 ✓
[2025-06-07T22:55:17.718Z] 访客数: 35万人 ✓
[2025-06-07T22:55:17.718Z] 红心数: 0 (保持独立) ✓
[2025-06-07T22:55:17.719Z] ===================
[2025-06-07T23:02:20.627Z] 验证同步结果...
[2025-06-07T23:02:20.633Z] === 同步验证结果 ===
[2025-06-07T23:02:20.633Z] 标题同步: 第40回调布花火 ✓
[2025-06-07T23:02:20.633Z] 日期同步: 9月20日 ✓
[2025-06-07T23:02:20.634Z] 花火数: 约12000发 ✓
[2025-06-07T23:02:20.634Z] 访客数: 35万人 ✓
[2025-06-07T23:02:20.634Z] 红心数: 0 (保持独立) ✓
[2025-06-07T23:02:20.635Z] ===================
