[2025-06-07T23:01:52.223Z] INFO: 🚀 开始项目状态检查...
[2025-06-07T23:01:52.228Z] INFO: 🔍 检查人群等级配置...
[2025-06-07T23:01:52.229Z] INFO: 🔍 检查数据同步脚本...
[2025-06-07T23:01:52.229Z] INFO: 🔍 检查评论系统组件...
[2025-06-07T23:01:52.230Z] INFO: 🔍 检查模板文件...
[2025-06-07T23:01:52.230Z] INFO: 🔍 检查package.json脚本...
[2025-06-07T23:01:52.233Z] INFO: 🔍 检查关键数据文件...
[2025-06-07T23:01:52.234Z] INFO: 📋 生成项目状态报告...
[2025-06-07T23:01:52.283Z] INFO: 📄 状态报告已保存到: C:\Users\GAKU\Desktop\hanabi-guide\docs\项目状态报告.md
[2025-06-07T23:01:52.284Z] INFO: ✅ 项目状态检查完成！
[2025-06-07T23:02:20.267Z] INFO: 🚀 开始项目状态检查...
[2025-06-07T23:02:20.272Z] INFO: 🔍 检查人群等级配置...
[2025-06-07T23:02:20.273Z] INFO: 🔍 检查数据同步脚本...
[2025-06-07T23:02:20.273Z] INFO: 🔍 检查评论系统组件...
[2025-06-07T23:02:20.274Z] INFO: 🔍 检查模板文件...
[2025-06-07T23:02:20.274Z] INFO: 🔍 检查package.json脚本...
[2025-06-07T23:02:20.275Z] INFO: 🔍 检查关键数据文件...
[2025-06-07T23:02:20.275Z] INFO: 📋 生成项目状态报告...
[2025-06-07T23:02:20.290Z] INFO: 📄 状态报告已保存到: C:\Users\GAKU\Desktop\hanabi-guide\docs\项目状态报告.md
[2025-06-07T23:02:20.291Z] INFO: ✅ 项目状态检查完成！
